<?xml version="1.0" encoding="UTF-8"?>
<!-- Generated by org.testng.reporters.JUnitReportReporter -->
<testsuite skipped="0" hostname="mckzvdev01" name="com.qa.base.TestBase" tests="2" failures="0" timestamp="27 Nov 2019 15:46:16 GMT" time="0.013" errors="0">
  <testcase name="launchBrowser" time="0.007" classname="com.qa.base.TestBase"/>
  <testcase name="currentTimeStamp" time="0.006" classname="com.qa.base.TestBase"/>
</testsuite> <!-- com.qa.base.TestBase -->
