<?xml version="1.0" encoding="UTF-8"?>
<!-- Generated by org.testng.reporters.JUnitReportReporter -->
<testsuite skipped="0" hostname="Rajasekaran" name="com.qa.test.TestB" tests="1" failures="0" timestamp="12 Dec 2019 10:08:34 GMT" time="12.489" errors="0">
  <testcase name="doInvest" time="12.489" classname="com.qa.test.TestB"/>
</testsuite> <!-- com.qa.test.TestB -->
