<?xml version="1.0" encoding="UTF-8"?>
<!-- Generated by org.testng.reporters.JUnitReportReporter -->
<testsuite skipped="0" hostname="Rajasekaran" name="com.qa.test.TestC" tests="1" failures="0" timestamp="12 Dec 2019 10:08:34 GMT" time="0.430" errors="0">
  <testcase name="doInvest" time="0.430" classname="com.qa.test.TestC"/>
</testsuite> <!-- com.qa.test.TestC -->
