<?xml version="1.0" encoding="UTF-8"?>
<!-- Generated by org.testng.reporters.JUnitReportReporter -->
<testsuite skipped="0" hostname="mckzvdev01" name="com.qa.test.LoginTest" tests="2" failures="0" timestamp="02 Dec 2019 12:56:03 GMT" time="5.231" errors="0">
  <testcase name="loginToCMS" time="2.677" classname="com.qa.test.LoginTest"/>
  <testcase name="loginToCMS" time="2.554" classname="com.qa.test.LoginTest"/>
</testsuite> <!-- com.qa.test.LoginTest -->
