<?xml version="1.0" encoding="UTF-8"?>
<!-- Generated by org.testng.reporters.JUnitReportReporter -->
<testsuite skipped="0" hostname="mckzvdev01" name="com.qa.test.AddProviderClinicConfirmTest" tests="1" failures="0" timestamp="02 Dec 2019 12:56:04 GMT" time="36.875" errors="0">
  <testcase name="confirmProviderAddClinic" time="36.875" classname="com.qa.test.AddProviderClinicConfirmTest"/>
</testsuite> <!-- com.qa.test.AddProviderClinicConfirmTest -->
