<?xml version="1.0" encoding="UTF-8"?>
<!-- Generated by org.testng.reporters.JUnitReportReporter -->
<testsuite skipped="0" hostname="mckzvdev01" name="com.qa.test.HomeTest" tests="2" failures="0" timestamp="02 Dec 2019 12:56:04 GMT" time="7.928" errors="0">
  <testcase name="enterCMSApp" time="2.463" classname="com.qa.test.HomeTest"/>
  <testcase name="enterCMSApp" time="5.465" classname="com.qa.test.HomeTest"/>
</testsuite> <!-- com.qa.test.HomeTest -->
