<?xml version="1.0" encoding="UTF-8"?>
<!-- Generated by org.testng.reporters.JUnitReportReporter -->
<testsuite skipped="0" hostname="mckzvdev01" name="com.qa.test.AddProviderClinicRequestTest" tests="1" failures="0" timestamp="02 Dec 2019 12:56:04 GMT" time="23.942" errors="0">
  <testcase name="reqProviderAddClinic" time="23.942" classname="com.qa.test.AddProviderClinicRequestTest"/>
</testsuite> <!-- com.qa.test.AddProviderClinicRequestTest -->
