<?xml version="1.0" encoding="UTF-8"?>
<!-- Generated by org.testng.reporters.JUnitReportReporter -->
<testsuite skipped="0" hostname="mckzvdev01" name="com.qa.test.TestBase" tests="1" failures="0" timestamp="27 Nov 2019 09:54:49 GMT" time="5.114" errors="0">
  <testcase name="initialize" time="5.114" classname="com.qa.test.TestBase"/>
</testsuite> <!-- com.qa.test.TestBase -->
